<?xml version="1.0" encoding="UTF-8"?>
<!-- Generated by org.testng.reporters.JUnitReportReporter -->
<testsuite hostname="users-MacBook-Pro.local" failures="0" tests="1" name="highTechQA.Login" time="0.497" errors="0" timestamp="2024-09-20T22:44:57 WAT" skipped="0">
  <testcase classname="highTechQA.Login" name="TC_2_login" time="0.497"/>
</testsuite> <!-- highTechQA.Login -->
