<?xml version="1.0" encoding="UTF-8"?>
<!-- Generated by org.testng.reporters.JUnitReportReporter -->
<testsuite hostname="users-MBP.lan" failures="0" tests="1" name="highTechQA.UpdateItem" time="6.251" errors="0" timestamp="2024-09-24T17:16:25 WAT" skipped="0">
  <testcase classname="highTechQA.UpdateItem" name="TC_4_updateItem" time="6.251"/>
</testsuite> <!-- highTechQA.UpdateItem -->
