<?xml version="1.0" encoding="UTF-8"?>
<!-- Generated by org.testng.reporters.JUnitReportReporter -->
<testsuite hostname="users-MacBook-Pro.local" failures="0" tests="1" name="highTechQA.High_Tech_Tests" time="0.349" errors="0" timestamp="2024-09-19T16:24:18 WAT" skipped="0">
  <testcase classname="highTechQA.High_Tech_Tests" name="Test_case_1" time="0.349"/>
</testsuite> <!-- highTechQA.High_Tech_Tests -->
