<?xml version="1.0" encoding="UTF-8"?>
<!-- Generated by org.testng.reporters.JUnitReportReporter -->
<testsuite hostname="users-MacBook-Pro.local" failures="0" tests="1" name="highTechQA.Signup" time="5.492" errors="0" timestamp="2024-09-25T11:46:53 WAT" skipped="0">
  <testcase classname="highTechQA.Signup" name="TC_1_signup" time="5.492"/>
</testsuite> <!-- highTechQA.Signup -->
