<?xml version="1.0" encoding="UTF-8"?>
<!-- Generated by org.testng.reporters.JUnitReportReporter -->
<testsuite hostname="users-MacBook-Pro.local" failures="0" tests="1" name="sunFi.Rick_Morty" time="0.007" errors="0" timestamp="2024-09-19T10:12:38 WAT" skipped="0">
  <testcase classname="sunFi.Rick_Morty" name="Test_case_1" time="0.007"/>
</testsuite> <!-- sunFi.Rick_Morty -->
