<?xml version="1.0" encoding="UTF-8"?>
<!-- Generated by org.testng.reporters.JUnitReportReporter -->
<testsuite hostname="users-MacBook-Pro.local" failures="0" tests="1" name="highTechQA.Additem" time="8.833" errors="0" timestamp="2024-09-25T12:45:18 WAT" skipped="0">
  <testcase classname="highTechQA.Additem" name="TC_3_addItem" time="8.833"/>
</testsuite> <!-- highTechQA.Additem -->
