<?xml version="1.0" encoding="UTF-8"?>
<!-- Generated by org.testng.reporters.JUnitReportReporter -->
<testsuite hostname="users-MBP" failures="0" tests="1" name="RoadSideHeroes.AllDriveSOS.Company" time="23.948" errors="0" timestamp="2024-03-06T16:35:27 WAT" skipped="0">
  <testcase classname="RoadSideHeroes.AllDriveSOS.Company" name="login" time="23.948"/>
</testsuite> <!-- RoadSideHeroes.AllDriveSOS.Company -->
