<?xml version="1.0" encoding="UTF-8"?>
<!-- Generated by org.testng.reporters.JUnitReportReporter -->
<testsuite hostname="users-MBP.lan" failures="0" tests="1" name="highTechQA.DeleteItem" time="10.948" errors="0" timestamp="2024-09-24T17:22:14 WAT" skipped="0">
  <testcase classname="highTechQA.DeleteItem" name="TC_5_DeleteItem" time="10.948"/>
</testsuite> <!-- highTechQA.DeleteItem -->
