<?xml version="1.0" encoding="UTF-8"?>
<!-- Generated by org.testng.reporters.JUnitReportReporter -->
<testsuite hostname="users-MacBook-Pro.local" failures="0" tests="1" name="highTechQA.Login" time="5.773" errors="0" timestamp="2024-09-25T11:48:18 WAT" skipped="0">
  <testcase classname="highTechQA.Login" name="TC_2_login" time="5.773"/>
</testsuite> <!-- highTechQA.Login -->
